3c3
<     "date": "09-02-2021, 9:51",
---
>     "date": "09-02-2021, 8:57",
9,11d8
<         "status": 200,
<         "duration": 1439,
<         "load_time": 8852.294999996957,
21,23d17
<         "status": 200,
<         "duration": 220,
<         "load_time": 7471.104999996896,
30,32d23
<         "status": 200,
<         "duration": 302,
<         "load_time": 5863.000000004831,
41,43d31
<         "status": 200,
<         "duration": 7948,
<         "load_time": 6316.100000003644,
50,52d37
<         "status": 200,
<         "duration": 2726,
<         "load_time": 6768.120000000636,
59,61d43
<         "status": 200,
<         "duration": 23206,
<         "load_time": 7377.720000004047,
68,70d49
<         "status": 200,
<         "duration": 1667,
<         "load_time": 6235.200000002806,
77,79d55
<         "status": 200,
<         "duration": 7962,
<         "load_time": 12936.415000003763,
88,90d63
<         "status": 200,
<         "duration": 1741,
<         "load_time": 16495.994999997492,
100,102d72
<         "status": 200,
<         "duration": 4825,
<         "load_time": 6520.555000002787,
114,116d83
<         "status": 200,
<         "duration": 1827,
<         "load_time": 10891.289999999572,
126,128d92
<         "status": 200,
<         "duration": 9618,
<         "load_time": 6532.019999998738,
137,139d100
<         "status": 200,
<         "duration": 1701,
<         "load_time": 21418.225000001257,
149,151d109
<         "status": 200,
<         "duration": 599,
<         "load_time": 17465.140000000247,
160,162d117
<         "status": 200,
<         "duration": 1728,
<         "load_time": 13239.114999996673,
172,174d126
<         "status": 200,
<         "duration": 339,
<         "load_time": 6186.914999998407,
184,186d135
<         "status": 200,
<         "duration": 357,
<         "load_time": 22226.744999999937,
195,197d143
<         "status": 200,
<         "duration": 11996,
<         "load_time": 8320.089999993797,
204,206d149
<         "status": 200,
<         "duration": 8267,
<         "load_time": 15614.094999997178,
215,220c158
<         "status": 200,
<         "duration": 518,
<         "load_time": 6248.195000000123,
<         "warnings": [
<           "Table warning: There is an empty table"
<         ],
---
>         "warnings": [],
226,228d163
<         "status": 200,
<         "duration": 484,
<         "load_time": 5669.099999999162,
237,239d171
<         "status": 200,
<         "duration": 391,
<         "load_time": 6353.5699999993085,
246,248d177
<         "status": 200,
<         "duration": 404,
<         "load_time": 10275.164999999106,
257,259d185
<         "status": 200,
<         "duration": 1935,
<         "load_time": 7850.380000003497,
269,271d194
<         "status": 200,
<         "duration": 435,
<         "load_time": 7006.274999999732,
280,282d202
<         "status": 200,
<         "duration": 1578,
<         "load_time": 8150.229999999283,
292,294d211
<         "status": 200,
<         "duration": 412,
<         "load_time": 7895.335000001069,
303,305d219
<         "status": 200,
<         "duration": 1647,
<         "load_time": 26866.73499999597,
315,317d228
<         "status": 200,
<         "duration": 295,
<         "load_time": 5048.905000003288,
326,328d236
<         "status": 200,
<         "duration": 1761,
<         "load_time": 17306.65500000032,
338,340d245
<         "status": 200,
<         "duration": 384,
<         "load_time": 6429.790000001958,
349,351d253
<         "status": 200,
<         "duration": 3330,
<         "load_time": 6326.129999994009,
360,365c262
<         "status": 200,
<         "duration": 9775,
<         "load_time": 26907.155000000785,
<         "warnings": [
<           "Table warning: There is an empty table"
<         ],
---
>         "warnings": [],
371,373d267
<         "status": 200,
<         "duration": 3971,
<         "load_time": 10696.790000001783,
374a269
>           "Table warning: There is an empty table",
382,385c277,279
<         "status": 200,
<         "duration": 1476,
<         "load_time": 7010.569999998552,
<         "warnings": [],
---
>         "warnings": [
>           "Table warning: There is an empty table"
>         ],
391,393d284
<         "status": 200,
<         "duration": 893,
<         "load_time": 8872.125000001688,
402,404d292
<         "status": 200,
<         "duration": 259,
<         "load_time": 6847.914999998524,
411,413d298
<         "status": 200,
<         "duration": 784,
<         "load_time": 6914.615000001388,
422,424d306
<         "status": 200,
<         "duration": 2513,
<         "load_time": 10327.38000000245,
433,435d314
<         "status": 200,
<         "duration": 292,
<         "load_time": 6362.5150000007125,
449,451d327
<         "status": 200,
<         "duration": 1263,
<         "load_time": 7585.650000000838,
460,462d335
<         "status": 200,
<         "duration": 395,
<         "load_time": 6162.199999998906,
472,474d344
<         "status": 200,
<         "duration": 691,
<         "load_time": 6948.66500000353,
484,486d353
<         "status": 200,
<         "duration": 1030,
<         "load_time": 7122.175000004005,
495,497d361
<         "status": 200,
<         "duration": 816,
<         "load_time": 7439.480000000913,
506,508d369
<         "status": 200,
<         "duration": 1392,
<         "load_time": 7727.215000006254,
517,519d377
<         "status": 200,
<         "duration": 803,
<         "load_time": 7245.01999999478,
528,530d385
<         "status": 200,
<         "duration": 713,
<         "load_time": 6456.129999998608,
540,542d394
<         "status": 200,
<         "duration": 1157,
<         "load_time": 7767.549999996787,
551,553d402
<         "status": 200,
<         "duration": 428,
<         "load_time": 6236.269999993965,
563,565d411
<         "status": 200,
<         "duration": 968,
<         "load_time": 7213.559999996447,
574,576d419
<         "status": 200,
<         "duration": 1096,
<         "load_time": 7812.250000002678,
577a421
>           "Table warning: There is an empty table",
585,587d428
<         "status": 200,
<         "duration": 835,
<         "load_time": 7450.179999999818,
596,598d436
<         "status": 200,
<         "duration": 681,
<         "load_time": 6846.564999999828,
607,609d444
<         "status": 200,
<         "duration": 876,
<         "load_time": 7141.839999996591,
618,620d452
<         "status": 200,
<         "duration": 825,
<         "load_time": 6891.485000000102,
629,631d460
<         "status": 200,
<         "duration": 658,
<         "load_time": 6570.704999998328,
640,642d468
<         "status": 200,
<         "duration": 1406,
<         "load_time": 8184.135000003036,
651,653d476
<         "status": 200,
<         "duration": 550,
<         "load_time": 7997.7599999983795,
663,665d485
<         "status": 200,
<         "duration": 541,
<         "load_time": 7375.529999997467,
675,677d494
<         "status": 200,
<         "duration": 455,
<         "load_time": 6134.16000000143,
687,689d503
<         "status": 200,
<         "duration": 1409,
<         "load_time": 8103.015000000596,
698,700d511
<         "status": 200,
<         "duration": 274,
<         "load_time": 6215.084999996121,
706,709c517
<         "errors": [
<           "DataTables warning: table id=instituteTable - Ajax error. For more information about this error, please see http://datatables.net/tn/7",
<           "POST request error : 404  404 (Not Found)"
<         ],
---
>         "errors": [],
714,716d521
<         "status": 200,
<         "duration": 432,
<         "load_time": 6189.8849999997765,
726,728d530
<         "status": 200,
<         "duration": 215,
<         "load_time": 6945.0750000033295,
742,744d543
<         "status": 200,
<         "duration": 516,
<         "load_time": 7096.470000004163,
753,755d551
<         "status": 200,
<         "duration": 1299,
<         "load_time": 7940.58000000217,
764,766d559
<         "status": 200,
<         "duration": 896,
<         "load_time": 7113.405000003637,
775,777d567
<         "status": 200,
<         "duration": 475,
<         "load_time": 6217.329999999492,
786,788d575
<         "status": 200,
<         "duration": 882,
<         "load_time": 6890.204999996,
797,799d583
<         "status": 200,
<         "duration": 1634,
<         "load_time": 8441.080000004033,
808,810d591
<         "status": 200,
<         "duration": 855,
<         "load_time": 7369.144999996875,
819,821d599
<         "status": 200,
<         "duration": 415,
<         "load_time": 6421.954999997979,
830,832d607
<         "status": 200,
<         "duration": 646,
<         "load_time": 7590.935000000172,
841,843d615
<         "status": 200,
<         "duration": 1255,
<         "load_time": 7617.425000004005,
852,854d623
<         "status": 200,
<         "duration": 296,
<         "load_time": 6497.195000003558,
868,870d636
<         "status": 200,
<         "duration": 1300,
<         "load_time": 7265.4400000028545,
879,881d644
<         "status": 200,
<         "duration": 2307,
<         "load_time": 8034.104999998817,
890,892d652
<         "status": 200,
<         "duration": 576,
<         "load_time": 6587.724999997532,
901,903d660
<         "status": 200,
<         "duration": 496,
<         "load_time": 6346.385000004433,
913,915d669
<         "status": 200,
<         "duration": 1541,
<         "load_time": 8334.614999999758,
924,926d677
<         "status": 200,
<         "duration": 502,
<         "load_time": 6465.444999994244,
935,937d685
<         "status": 200,
<         "duration": 231,
<         "load_time": 6336.770000001648,
951,953d698
<         "status": 200,
<         "duration": 2481,
<         "load_time": 9070.030000002589,
963,965d707
<         "status": 200,
<         "duration": 1634,
<         "load_time": 9133.284999996307,
967d708
<           "Table warning: There is an empty table",
975,977d715
<         "status": 200,
<         "duration": 999,
<         "load_time": 7831.559999998659,
978a717
>           "Table warning: There is an empty table",
986,988d724
<         "status": 200,
<         "duration": 1007,
<         "load_time": 7263.254999998026,
997,999d732
<         "status": 200,
<         "duration": 616,
<         "load_time": 6618.11500000488,
1008,1010d740
<         "status": 200,
<         "duration": 804,
<         "load_time": 7557.010000003967,
1019,1021d748
<         "status": 200,
<         "duration": 2385,
<         "load_time": 9630.100000002072,
1023d749
<           "Table warning: There is an empty table",
1031,1033d756
<         "status": 200,
<         "duration": 900,
<         "load_time": 7162.734999998123,
1043,1045d765
<         "status": 200,
<         "duration": 3543,
<         "load_time": 11537.154999998165,
1055,1057d774
<         "status": 200,
<         "duration": 2768,
<         "load_time": 10067.640000001062,
1067,1069d783
<         "status": 200,
<         "duration": 4037,
<         "load_time": 13145.344999997178,
1078,1080d791
<         "status": 200,
<         "duration": 878,
<         "load_time": 8118.565000004135,
1089,1091d799
<         "status": 200,
<         "duration": 558,
<         "load_time": 6565.965000001714,
1100,1102d807
<         "status": 200,
<         "duration": 715,
<         "load_time": 6978.58999999892,
1111,1113d815
<         "status": 200,
<         "duration": 1008,
<         "load_time": 7463.34499999648,
1122,1124d823
<         "status": 200,
<         "duration": 739,
<         "load_time": 6980.485000000102,
1133,1135d831
<         "status": 200,
<         "duration": 663,
<         "load_time": 6601.510000000475,
1144,1146d839
<         "status": 200,
<         "duration": 1177,
<         "load_time": 8007.2449999935925,
1155,1157d847
<         "status": 200,
<         "duration": 675,
<         "load_time": 6295.01999999769,
1166,1168d855
<         "status": 200,
<         "duration": 478,
<         "load_time": 6346.36999999918,
1182,1184d868
<         "status": 200,
<         "duration": 745,
<         "load_time": 6605.994999998016,
1193,1195d876
<         "status": 200,
<         "duration": 1170,
<         "load_time": 7794.294999999693,
1204,1206d884
<         "status": 200,
<         "duration": 1356,
<         "load_time": 7655.4800000011455,
1215,1217d892
<         "status": 200,
<         "duration": 1264,
<         "load_time": 7829.040000004228,
1226,1228d900
<         "status": 200,
<         "duration": 1355,
<         "load_time": 8512.14999999525,
1237,1239d908
<         "status": 200,
<         "duration": 727,
<         "load_time": 6332.924999995157,
1248,1250d916
<         "status": 200,
<         "duration": 1145,
<         "load_time": 8397.530000002123,
1259,1261d924
<         "status": 200,
<         "duration": 1069,
<         "load_time": 7719.779999999562,
1270,1272d932
<         "status": 200,
<         "duration": 1116,
<         "load_time": 7336.254999994766,
1281,1283d940
<         "status": 200,
<         "duration": 1036,
<         "load_time": 7337.325000000419,
1292,1294d948
<         "status": 200,
<         "duration": 1593,
<         "load_time": 7834.460000005318,
1303,1305d956
<         "status": 200,
<         "duration": 309,
<         "load_time": 7030.670000000158,
1319,1321d969
<         "status": 200,
<         "duration": 473,
<         "load_time": 5975.344999998808,
1330,1332d977
<         "status": 200,
<         "duration": 1416,
<         "load_time": 8636.63500000257,
1341,1343d985
<         "status": 200,
<         "duration": 1804,
<         "load_time": 9370.749999994645,
1353,1355d994
<         "status": 200,
<         "duration": 1010,
<         "load_time": 6929.830000000773,
1364,1366d1002
<         "status": 200,
<         "duration": 1440,
<         "load_time": 8340.925000004005,
1375,1377d1010
<         "status": 200,
<         "duration": 1059,
<         "load_time": 7315.224999998463,
1386,1388d1018
<         "status": 200,
<         "duration": 851,
<         "load_time": 6823.56499999878,
1397,1399d1026
<         "status": 200,
<         "duration": 1509,
<         "load_time": 8480.609999998473,
1408,1410d1034
<         "status": 200,
<         "duration": 1334,
<         "load_time": 7724.829999999143,
1419,1421d1042
<         "status": 200,
<         "duration": 1704,
<         "load_time": 11426.570000003325,
1423d1043
<           "Table warning: There is an empty table",
1431,1433d1050
<         "status": 200,
<         "duration": 1264,
<         "load_time": 7057.58000000054,
1442,1444d1058
<         "status": 200,
<         "duration": 1627,
<         "load_time": 7745.530000000028,
1453,1455d1066
<         "status": 200,
<         "duration": 2303,
<         "load_time": 9413.950000001816,
1464,1466d1074
<         "status": 200,
<         "duration": 1375,
<         "load_time": 8516.869999999646,
1468d1075
<           "Table warning: There is an empty table",
1476,1478d1082
<         "status": 200,
<         "duration": 2075,
<         "load_time": 10918.910000000382,
1488,1490d1091
<         "status": 200,
<         "duration": 1001,
<         "load_time": 7388.2850000008475,
1499,1501d1099
<         "status": 200,
<         "duration": 288,
<         "load_time": 6395.514999996405,
1515,1517d1112
<         "status": 200,
<         "duration": 800,
<         "load_time": 6635.40999999526,
1526,1528d1120
<         "status": 200,
<         "duration": 756,
<         "load_time": 6563.869999998249,
1538,1540d1129
<         "status": 200,
<         "duration": 782,
<         "load_time": 7528.120000002673,
1549,1551d1137
<         "status": 200,
<         "duration": 1412,
<         "load_time": 7637.894999999786,
1560,1562d1145
<         "status": 200,
<         "duration": 881,
<         "load_time": 7063.965000001248,
1571,1573d1153
<         "status": 200,
<         "duration": 242,
<         "load_time": 6390.980000003707,
1587,1589d1166
<         "status": 200,
<         "duration": 373,
<         "load_time": 6458.120000003139,
1599,1601d1175
<         "status": 200,
<         "duration": 1487,
<         "load_time": 7855.285000005271,
1610,1612d1183
<         "status": 200,
<         "duration": 1390,
<         "load_time": 8869.04499999946,
1621,1623d1191
<         "status": 200,
<         "duration": 1012,
<         "load_time": 7658.149999995716,
1632,1634d1199
<         "status": 200,
<         "duration": 235,
<         "load_time": 6875.699999996694,
1648,1650d1212
<         "status": 200,
<         "duration": 297,
<         "load_time": 6107.505000000121,
1664,1666d1225
<         "status": 200,
<         "duration": 295,
<         "load_time": 6193.684999998426,
1680,1682d1238
<         "status": 200,
<         "duration": 300,
<         "load_time": 6393.04999999865,
1696,1698d1251
<         "status": 200,
<         "duration": 233,
<         "load_time": 7218.639999999199,
1712,1714d1264
<         "status": 200,
<         "duration": 216,
<         "load_time": 6238.120000001742,
1728,1730d1277
<         "status": 200,
<         "duration": 546,
<         "load_time": 6406.934999999125,
1740,1742d1286
<         "status": 200,
<         "duration": 665,
<         "load_time": 7195.045000000391,
1752,1754d1295
<         "status": 200,
<         "duration": 233,
<         "load_time": 6163.005000002217,
1768,1770d1308
<         "status": 200,
<         "duration": 394,
<         "load_time": 6314.075000002049,
1780,1782d1317
<         "status": 200,
<         "duration": 2280,
<         "load_time": 9619.435000000522,
1791,1793d1325
<         "status": 200,
<         "duration": 1129,
<         "load_time": 7237.275000006892,
1802,1804d1333
<         "status": 200,
<         "duration": 1381,
<         "load_time": 7599.15500000352,
1813,1815d1341
<         "status": 200,
<         "duration": 902,
<         "load_time": 7540.135000002803,
1824,1826d1349
<         "status": 200,
<         "duration": 1136,
<         "load_time": 7086.410000003409,
1835,1837d1357
<         "status": 200,
<         "duration": 382,
<         "load_time": 6241.905000002589,
1846,1848d1365
<         "status": 200,
<         "duration": 219,
<         "load_time": 6482.015000001527,
1862,1864d1378
<         "status": 200,
<         "duration": 619,
<         "load_time": 6092.179999999702,
1873,1875d1386
<         "status": 200,
<         "duration": 549,
<         "load_time": 6791.494999997551,
1885,1887d1395
<         "status": 200,
<         "duration": 606,
<         "load_time": 6645.339999995427,
1897,1899d1404
<         "status": 200,
<         "duration": 704,
<         "load_time": 6830.019999993965,
1908,1910d1412
<         "status": 200,
<         "duration": 216,
<         "load_time": 5789.755000005476,
1924,1926d1425
<         "status": 200,
<         "duration": 1137,
<         "load_time": 7203.174999995157,
1936,1938d1434
<         "status": 200,
<         "duration": 1703,
<         "load_time": 8284.77500000014,
1947,1949d1442
<         "status": 200,
<         "duration": 974,
<         "load_time": 7555.2400000016205,
1959,1961d1451
<         "status": 200,
<         "duration": 239,
<         "load_time": 5754.359999998938,
1975,1977d1464
<         "status": 200,
<         "duration": 241,
<         "load_time": 6578.085000001127,
1991,1993d1477
<         "status": 200,
<         "duration": 1047,
<         "load_time": 7110.290000003995,
2002,2004d1485
<         "status": 200,
<         "duration": 1044,
<         "load_time": 6964.305000001565,
2013,2015d1493
<         "status": 200,
<         "duration": 608,
<         "load_time": 6415.780000003055,
2025,2027d1502
<         "status": 200,
<         "duration": 970,
<         "load_time": 7475.914999995381,
2036,2038d1510
<         "status": 200,
<         "duration": 2406,
<         "load_time": 9256.780000003288,
2039a1512
>           "Table warning: There is an empty table",
2047,2049d1519
<         "status": 200,
<         "duration": 1217,
<         "load_time": 7837.180000002496,
2058,2060d1527
<         "status": 200,
<         "duration": 1029,
<         "load_time": 7429.909999998985,
2069,2071d1535
<         "status": 200,
<         "duration": 933,
<         "load_time": 6891.934999999823,
2080,2082d1543
<         "status": 200,
<         "duration": 1006,
<         "load_time": 8080.594999999274,
2091,2093d1551
<         "status": 200,
<         "duration": 466,
<         "load_time": 6650.470000000438,
2102,2104d1559
<         "status": 200,
<         "duration": 1569,
<         "load_time": 8190.139999998733,
2113,2115d1567
<         "status": 200,
<         "duration": 1411,
<         "load_time": 8086.559999996331,
2125,2127d1576
<         "status": 200,
<         "duration": 309,
<         "load_time": 5733.99999999674,
2138,2140d1586
<         "status": 200,
<         "duration": 816,
<         "load_time": 7105.7799999979325,
2149,2151d1594
<         "status": 200,
<         "duration": 1172,
<         "load_time": 8200.42999999714,
2160,2162d1602
<         "status": 200,
<         "duration": 1069,
<         "load_time": 7425.985000001732,
2171,2173d1610
<         "status": 200,
<         "duration": 559,
<         "load_time": 6723.744999995921,
2182,2184d1618
<         "status": 200,
<         "duration": 290,
<         "load_time": 6151.375000001397,
2198,2200d1631
<         "status": 200,
<         "duration": 596,
<         "load_time": 6349.4399999980815,
2210,2212d1640
<         "status": 200,
<         "duration": 730,
<         "load_time": 7218.1449999988545,
2221,2223d1648
<         "status": 200,
<         "duration": 2014,
<         "load_time": 8806.620000003139,
2225d1649
<           "Table warning: There is an empty table",
2233,2235d1656
<         "status": 200,
<         "duration": 756,
<         "load_time": 6746.134999993723,
2244,2246d1664
<         "status": 200,
<         "duration": 921,
<         "load_time": 7807.260000001406,
2255,2257d1672
<         "status": 200,
<         "duration": 1210,
<         "load_time": 7611.8849999983795,
2266,2268d1680
<         "status": 200,
<         "duration": 567,
<         "load_time": 6583.969999999506,
2278,2280d1689
<         "status": 200,
<         "duration": 599,
<         "load_time": 6580.00000000163,
2290,2292d1698
<         "status": 200,
<         "duration": 220,
<         "load_time": 6369.735000000102,
2306,2308d1711
<         "status": 200,
<         "duration": 279,
<         "load_time": 6251.779999998864,
2322,2324d1724
<         "status": 200,
<         "duration": 9734,
<         "load_time": 27453.56499999622,
2333,2335d1732
<         "status": 200,
<         "duration": 1081,
<         "load_time": 7539.5600000047125,
2344,2346d1740
<         "status": 200,
<         "duration": 3121,
<         "load_time": 9134.98000000231,
2348d1741
<           "Table warning: There is an empty table",
2356,2358d1748
<         "status": 200,
<         "duration": 1288,
<         "load_time": 7855.084999995306,
2360d1749
<           "Table warning: There is an empty table",
2368,2370d1756
<         "status": 200,
<         "duration": 893,
<         "load_time": 7429.605000004638,
2379,2381d1764
<         "status": 200,
<         "duration": 1248,
<         "load_time": 7135.255000001285,
2390,2392d1772
<         "status": 200,
<         "duration": 656,
<         "load_time": 6974.920000000391,
2401,2403d1780
<         "status": 200,
<         "duration": 1385,
<         "load_time": 7596.955000001006,
2412,2414d1788
<         "status": 200,
<         "duration": 1139,
<         "load_time": 7535.785000000149,
2423,2425d1796
<         "status": 200,
<         "duration": 1109,
<         "load_time": 7303.440000003204,
2434,2436d1804
<         "status": 200,
<         "duration": 938,
<         "load_time": 6640.590000002645,
2445,2447d1812
<         "status": 200,
<         "duration": 236,
<         "load_time": 6404.3149999994785,
2461,2463d1825
<         "status": 200,
<         "duration": 601,
<         "load_time": 6152.815000001341,
2472,2474d1833
<         "status": 200,
<         "duration": 712,
<         "load_time": 6964.779999994673,
2483,2485d1841
<         "status": 200,
<         "duration": 379,
<         "load_time": 5772.109999998007,
2495,2497d1850
<         "status": 200,
<         "duration": 238,
<         "load_time": 5887.0299999979325,
2511,2513d1863
<         "status": 200,
<         "duration": 1199,
<         "load_time": 7459.6650000019,
2514a1865
>           "Table warning: There is an empty table",
2522,2524d1872
<         "status": 200,
<         "duration": 835,
<         "load_time": 7069.664999995381,
2533,2535d1880
<         "status": 200,
<         "duration": 937,
<         "load_time": 6464.240000001155,
2545,2547d1889
<         "status": 200,
<         "duration": 223,
<         "load_time": 6220.115000003949,
2561,2563d1902
<         "status": 200,
<         "duration": 220,
<         "load_time": 5786.689999993425,
2577,2579d1915
<         "status": 200,
<         "duration": 1906,
<         "load_time": 8729.339999997988,
2589,2591d1924
<         "status": 200,
<         "duration": 1542,
<         "load_time": 8740.380000002682,
2600,2602d1932
<         "status": 200,
<         "duration": 850,
<         "load_time": 7441.8499999954365,
2611,2613d1940
<         "status": 200,
<         "duration": 971,
<         "load_time": 7595.535000000149,
2615d1941
<           "Table warning: There is an empty table",
2623,2625d1948
<         "status": 200,
<         "duration": 1169,
<         "load_time": 7352.590000002179,
2634,2636d1956
<         "status": 200,
<         "duration": 1543,
<         "load_time": 7779.425000000279,
2646,2648d1965
<         "status": 200,
<         "duration": 2384,
<         "load_time": 9149.404999996535,
2657,2659d1973
<         "status": 200,
<         "duration": 995,
<         "load_time": 7200.375,
2668,2670d1981
<         "status": 200,
<         "duration": 1042,
<         "load_time": 7473.449999997392,
2679,2681d1989
<         "status": 200,
<         "duration": 824,
<         "load_time": 6857.150000003632,
2690,2692d1997
<         "status": 200,
<         "duration": 1721,
<         "load_time": 8795.619999997318,
2701,2703d2005
<         "status": 200,
<         "duration": 623,
<         "load_time": 6612.430000001099,
2713,2715d2014
<         "status": 200,
<         "duration": 525,
<         "load_time": 6037.700000000652,
2724,2726d2022
<         "status": 200,
<         "duration": 6226,
<         "load_time": 16103.364999995101,
2736,2738d2031
<         "status": 200,
<         "duration": 584,
<         "load_time": 6389.260000003502,
2747,2749d2039
<         "status": 200,
<         "duration": 777,
<         "load_time": 7058.160000000615,
2751d2040
<           "Table warning: There is an empty table",
2759,2761d2047
<         "status": 200,
<         "duration": 1022,
<         "load_time": 7061.509999999311,
2770,2772d2055
<         "status": 200,
<         "duration": 1822,
<         "load_time": 9371.440000002272,
2774d2056
<           "Table warning: There is an empty table",
2782,2784d2063
<         "status": 200,
<         "duration": 1431,
<         "load_time": 8308.85000000149,
2794,2796d2072
<         "status": 200,
<         "duration": 1043,
<         "load_time": 7639.450000002515,
2798d2073
<           "Table warning: There is an empty table",
2806,2808d2080
<         "status": 200,
<         "duration": 855,
<         "load_time": 7367.139999994542,
2817,2819d2088
<         "status": 200,
<         "duration": 1601,
<         "load_time": 7738.805000001099,
2828,2830d2096
<         "status": 200,
<         "duration": 487,
<         "load_time": 5984.114999999292,
2839,2841d2104
<         "status": 200,
<         "duration": 1452,
<         "load_time": 7746.319999998435,
2850,2852d2112
<         "status": 200,
<         "duration": 921,
<         "load_time": 7312.630000000354,
2861,2863d2120
<         "status": 200,
<         "duration": 686,
<         "load_time": 6592.584999998566,
2873,2875d2129
<         "status": 200,
<         "duration": 2073,
<         "load_time": 8185.975000000093,
2884,2886d2137
<         "status": 200,
<         "duration": 938,
<         "load_time": 7599.6000000010245,
2895,2897d2145
<         "status": 200,
<         "duration": 502,
<         "load_time": 5899.870000001509,
2907,2909d2154
<         "status": 200,
<         "duration": 1384,
<         "load_time": 8466.475000001024,
2911d2155
<           "Table warning: There is an empty table",
2919,2921d2162
<         "status": 200,
<         "duration": 666,
<         "load_time": 6636.189999997616,
2930,2932d2170
<         "status": 200,
<         "duration": 1669,
<         "load_time": 9382.25999999838,
2934d2171
<           "Table warning: There is an empty table",
2942,2944d2178
<         "status": 200,
<         "duration": 679,
<         "load_time": 6476.654999998398,
2953,2955d2186
<         "status": 200,
<         "duration": 1585,
<         "load_time": 7520.450000003912,
2964,2966d2194
<         "status": 200,
<         "duration": 615,
<         "load_time": 7146.860000000801,
2975,2977d2202
<         "status": 200,
<         "duration": 915,
<         "load_time": 9013.309999994934,
2987,2989d2211
<         "status": 200,
<         "duration": 1164,
<         "load_time": 6501.270000000484,
2998,3000d2219
<         "status": 200,
<         "duration": 1077,
<         "load_time": 7479.00999999512,
3010,3012d2228
<         "status": 200,
<         "duration": 1081,
<         "load_time": 7467.120000001043,
3021,3023d2236
<         "status": 200,
<         "duration": 563,
<         "load_time": 6133.305000002962,
3033,3035d2245
<         "status": 200,
<         "duration": 1977,
<         "load_time": 9228.474999996368,
3044,3046d2253
<         "status": 200,
<         "duration": 218,
<         "load_time": 6407.550000003539,
3060,3062d2266
<         "status": 200,
<         "duration": 969,
<         "load_time": 7596.344999997877,
3071,3073d2274
<         "status": 200,
<         "duration": 752,
<         "load_time": 6850.274999997113,
3082,3084d2282
<         "status": 200,
<         "duration": 1447,
<         "load_time": 7495.815000001807,
3085a2284
>           "Table warning: There is an empty table",
3093,3095d2291
<         "status": 200,
<         "duration": 826,
<         "load_time": 6709.965000002179,
3104,3106d2299
<         "status": 200,
<         "duration": 1394,
<         "load_time": 7712.619999998715,
3115,3117d2307
<         "status": 200,
<         "duration": 1307,
<         "load_time": 7069.3299999986775,
3126,3128d2315
<         "status": 200,
<         "duration": 959,
<         "load_time": 6982.809999994468,
3137,3139d2323
<         "status": 200,
<         "duration": 1299,
<         "load_time": 7352.28500000108,
3148,3150d2331
<         "status": 200,
<         "duration": 1055,
<         "load_time": 7867.859999998473,
3159,3161d2339
<         "status": 200,
<         "duration": 1115,
<         "load_time": 7464.610000002664,
3170,3172d2347
<         "status": 200,
<         "duration": 835,
<         "load_time": 6914.629999999423,
3181,3183d2355
<         "status": 200,
<         "duration": 594,
<         "load_time": 6636.350000000559,
3192,3194d2363
<         "status": 200,
<         "duration": 691,
<         "load_time": 6183.870000001043,
3203,3205d2371
<         "status": 200,
<         "duration": 1750,
<         "load_time": 7864.979999998584,
3206a2373
>           "Table warning: There is an empty table",
3214,3216d2380
<         "status": 200,
<         "duration": 240,
<         "load_time": 6224.0600000005215,
3230,3232d2393
<         "status": 200,
<         "duration": 612,
<         "load_time": 6496.695000001695,
3242,3244d2402
<         "status": 200,
<         "duration": 273,
<         "load_time": 6133.934999998193,
3258,3260d2415
<         "status": 200,
<         "duration": 320,
<         "load_time": 5378.470000002999,
3267,3269d2421
<         "status": 200,
<         "duration": 214,
<         "load_time": 4690.145000000484,
3276,3278d2427
<         "status": 200,
<         "duration": 211,
<         "load_time": 4224.149999994785,
3285,3287d2433
<         "status": 200,
<         "duration": 226,
<         "load_time": 4063.15499999607,
3294,3296d2439
<         "status": 200,
<         "duration": 217,
<         "load_time": 4185.069999999367,
3305,3307d2447
<         "status": 200,
<         "duration": 221,
<         "load_time": 4985.874999998603,
3314,3316d2453
<         "status": 200,
<         "duration": 226,
<         "load_time": 4131.8650000030175,
3323,3325d2459
<         "status": 200,
<         "duration": 225,
<         "load_time": 4080.849999998696,
3332,3334d2465
<         "status": 200,
<         "duration": 225,
<         "load_time": 4132.144999995828,
3341,3343d2471
<         "status": 200,
<         "duration": 225,
<         "load_time": 4063.80999999959,
3350,3352d2477
<         "status": 200,
<         "duration": 224,
<         "load_time": 4117.014999995939,
3359,3361d2483
<         "status": 200,
<         "duration": 224,
<         "load_time": 4625.5800000000745,
3368,3370d2489
<         "status": 200,
<         "duration": 222,
<         "load_time": 5859.795000004116,
3377,3379d2495
<         "status": 200,
<         "duration": 207,
<         "load_time": 4191.460000001825,
3386,3388d2501
<         "status": 200,
<         "duration": 215,
<         "load_time": 5309.045000001788,
3395,3397d2507
<         "status": 200,
<         "duration": 259,
<         "load_time": 4235.404999999329,
3404,3406d2513
<         "status": 200,
<         "duration": 249,
<         "load_time": 5292.509999999311,
3413,3415d2519
<         "status": 200,
<         "duration": 268,
<         "load_time": 5317.139999999199,
3422,3424d2525
<         "status": 200,
<         "duration": 233,
<         "load_time": 5423.724999993108,
3431,3433d2531
<         "status": 200,
<         "duration": 253,
<         "load_time": 5480.539999996778,
3440,3442d2537
<         "status": 200,
<         "duration": 252,
<         "load_time": 5534.984999998473,
3449,3451d2543
<         "status": 200,
<         "duration": 320,
<         "load_time": 5535.739999999292,
3458,3460d2549
<         "status": 200,
<         "duration": 257,
<         "load_time": 5280.91000000108,
3467,3469d2555
<         "status": 200,
<         "duration": 244,
<         "load_time": 5350.234999998007,
3476,3478d2561
<         "status": 200,
<         "duration": 246,
<         "load_time": 5260.814999994356,
3485,3487d2567
<         "status": 200,
<         "duration": 240,
<         "load_time": 5425.590000005905,
3494,3496d2573
<         "status": 200,
<         "duration": 255,
<         "load_time": 5379.885000002105,
3503,3505d2579
<         "status": 200,
<         "duration": 250,
<         "load_time": 5425.755000004079,
3514,3516d2587
<         "status": 200,
<         "duration": 251,
<         "load_time": 5403.949999999721,
3523,3525d2593
<         "status": 200,
<         "duration": 219,
<         "load_time": 5425.780000004917,
3534,3536d2601
<         "status": 200,
<         "duration": 226,
<         "load_time": 4231.394999995362,
3545,3547d2609
<         "status": 200,
<         "duration": 247,
<         "load_time": 5870.844999997877,
3554,3556d2615
<         "status": 200,
<         "duration": 239,
<         "load_time": 5473.2949999962,
3563,3565d2621
<         "status": 200,
<         "duration": 235,
<         "load_time": 5391.00000000326,
3572,3574d2627
<         "status": 200,
<         "duration": 251,
<         "load_time": 5364.39999999851,
3581,3583d2633
<         "status": 200,
<         "duration": 235,
<         "load_time": 6162.605000005104,
3590,3592d2639
<         "status": 200,
<         "duration": 242,
<         "load_time": 5368.275000000838,
3599,3601d2645
<         "status": 200,
<         "duration": 239,
<         "load_time": 5426.349999994505,
3608,3610d2651
<         "status": 200,
<         "duration": 280,
<         "load_time": 5519.390000001062,
3619,3621d2659
<         "status": 200,
<         "duration": 200,
<         "load_time": 4087.3749999953434,
3628,3630d2665
<         "status": 200,
<         "duration": 224,
<         "load_time": 4137.674999997951,
3637,3639d2671
<         "status": 200,
<         "duration": 220,
<         "load_time": 5842.479999999516,
3646,3648d2677
<         "status": 200,
<         "duration": 221,
<         "load_time": 4162.215000004042,
3655,3657d2683
<         "status": 200,
<         "duration": 225,
<         "load_time": 4062.849999994971,
3664,3666d2689
<         "status": 200,
<         "duration": 209,
<         "load_time": 4141.93499999959,
3673,3675d2695
<         "status": 200,
<         "duration": 217,
<         "load_time": 4081.205000001937,
3682,3684d2701
<         "status": 200,
<         "duration": 222,
<         "load_time": 4121.290000002831,
3691,3693d2707
<         "status": 200,
<         "duration": 219,
<         "load_time": 4141.55500000203,
3702,3704d2715
<         "status": 200,
<         "duration": 223,
<         "load_time": 4444.864999997895,
3711,3713d2721
<         "status": 200,
<         "duration": 209,
<         "load_time": 4124.149999995716,
3720,3722d2727
<         "status": 200,
<         "duration": 224,
<         "load_time": 4074.860000000801,
3729,3731d2733
<         "status": 200,
<         "duration": 217,
<         "load_time": 4095.0549999978393,
3738,3740d2739
<         "status": 200,
<         "duration": 207,
<         "load_time": 5395.895000001416,
3747,3749d2745
<         "status": 200,
<         "duration": 230,
<         "load_time": 4134.1199999949895,
3756,3758d2751
<         "status": 200,
<         "duration": 229,
<         "load_time": 4144.834999999031,
3765,3767d2757
<         "status": 200,
<         "duration": 218,
<         "load_time": 4135.710000002291,
3774,3776d2763
<         "status": 200,
<         "duration": 221,
<         "load_time": 4094.840000005439,
